
Scratch directory: /tmp/
   => Libint2 <=

    Primary   basis highest AM E, G, H:  6, 6, 3
    Auxiliary basis highest AM E, G, H:  7, 7, 4
    Onebody   basis highest AM E, G, H:  -, -, -
    Solid Harmonics ordering:            Gaussian

*** tstart() called on Laptop-von-Elisabeth.local
*** at Fri Oct 25 17:18:06 2024

   => Loading Basis Set <=

    Name: STO-3G
    Role: ORBITAL
    Keyword: BASIS
    atoms 1-4 entry H          line    19 file /opt/anaconda3/envs/BlogQA/share/psi4/basis/sto-3g.gbs 


         ---------------------------------------------------------
                                   SCF
               by Justin Turney, Rob Parrish, Andy Simmonett
                          and Daniel G. A. Smith
                              RHF Reference
                        1 Threads,    500 MiB Core
         ---------------------------------------------------------

  ==> Geometry <==

    Molecular point group: d2h
    Full point group: D4h

    Geometry (in Angstrom), charge = 0, multiplicity = 1:

       Center              X                  Y                   Z               Mass       
    ------------   -----------------  -----------------  -----------------  -----------------
         H            0.750000000000     0.000000000000    -0.750000000000     1.007825032230
         H           -0.750000000000    -0.000000000000    -0.750000000000     1.007825032230
         H            0.750000000000     0.000000000000     0.750000000000     1.007825032230
         H           -0.750000000000    -0.000000000000     0.750000000000     1.007825032230

  Running in d2h symmetry.

  Rotational constants: A =      7.43411  B =      7.43411  C =      3.71705 [cm^-1]
  Rotational constants: A = 222868.93621  B = 222868.93621  C = 111434.46811 [MHz]
  Nuclear repulsion =    1.910052287272186

  Charge       = 0
  Multiplicity = 1
  Electrons    = 4
  Nalpha       = 2
  Nbeta        = 2

  ==> Algorithm <==

  SCF Algorithm Type is DF.
  DIIS enabled.
  MOM disabled.
  Fractional occupation disabled.
  Guess Type is SAD.
  Energy threshold   = 1.00e-06
  Density threshold  = 1.00e-06
  Integral threshold = 1.00e-12

  ==> Primary Basis <==

  Basis Set: STO-3G
    Blend: STO-3G
    Number of shells: 4
    Number of basis functions: 4
    Number of Cartesian functions: 4
    Spherical Harmonics?: true
    Max angular momentum: 0

   => Loading Basis Set <=

    Name: (STO-3G AUX)
    Role: JKFIT
    Keyword: DF_BASIS_SCF
    atoms 1-4 entry H          line    18 file /opt/anaconda3/envs/BlogQA/share/psi4/basis/def2-universal-jkfit.gbs 

  ==> Integral Setup <==

  DFHelper Memory: AOs need 0.000 GiB; user supplied 0.366 GiB. 
  Using in-core AOs.

  ==> MemDFJK: Density-Fitted J/K Matrices <==

    J tasked:                   Yes
    K tasked:                   Yes
    wK tasked:                   No
    OpenMP threads:               1
    Memory [MiB]:               375
    Algorithm:                 Core
    Schwarz Cutoff:           1E-12
    Mask sparsity (%):       0.0000
    Fitting Condition:        1E-10

   => Auxiliary Basis Set <=

  Basis Set: (STO-3G AUX)
    Blend: DEF2-UNIVERSAL-JKFIT
    Number of shells: 24
    Number of basis functions: 72
    Number of Cartesian functions: 80
    Spherical Harmonics?: true
    Max angular momentum: 2

  Minimum eigenvalue in the overlap matrix is 1.0000000000E+00.
  Reciprocal condition number of the overlap matrix is 1.0000000000E+00.
    Using symmetric orthogonalization.

  ==> Pre-Iterations <==

  SCF Guess: Superposition of Atomic Densities via on-the-fly atomic UHF (no occupation information).

   -------------------------
    Irrep   Nso     Nmo    
   -------------------------
     Ag         1       1 
     B1g        0       0 
     B2g        1       1 
     B3g        0       0 
     Au         0       0 
     B1u        1       1 
     B2u        0       0 
     B3u        1       1 
   -------------------------
    Total       4       4
   -------------------------

  ==> Iterations <==

                           Total Energy        Delta E     RMS |[F,P]|

   @DF-RHF iter SAD:    -1.18887933498214   -1.18888e+00   0.00000e+00 
   @DF-RHF iter   1:    -1.71414979357293   -5.25270e-01   0.00000e+00 DIIS
   @DF-RHF iter   2:    -1.71414979357293    0.00000e+00   0.00000e+00 DIIS
  Energy and wave function converged.


  ==> Post-Iterations <==

    Orbital Energies [Eh]
    ---------------------

    Doubly Occupied:                                                      

       1Ag    -0.462845     1B3u   -0.205691  

    Virtual:                                                              

       1B1u    0.114714     1B2g    0.371464  

    Final Occupation by Irrep:
             Ag   B1g   B2g   B3g    Au   B1u   B2u   B3u 
    DOCC [     1,    0,    0,    0,    0,    0,    0,    1 ]
    NA   [     1,    0,    0,    0,    0,    0,    0,    1 ]
    NB   [     1,    0,    0,    0,    0,    0,    0,    1 ]

  @DF-RHF Final Energy:    -1.71414979357293

   => Energetics <=

    Nuclear Repulsion Energy =              1.9100522872721859
    One-Electron Energy =                  -5.9113328280924549
    Two-Electron Energy =                   2.2871307472473368
    Total Energy =                         -1.7141497935729322

Computation Completed


Properties will be evaluated at   0.000000,   0.000000,   0.000000 [a0]

Properties computed using the SCF density matrix


 Multipole Moments:

 ------------------------------------------------------------------------------------
     Multipole            Electronic (a.u.)      Nuclear  (a.u.)        Total (a.u.)
 ------------------------------------------------------------------------------------

 L = 1.  Multiply by 2.5417464519 to convert [e a0] to [Debye]
 Dipole X            :          0.0000000            0.0000000            0.0000000
 Dipole Y            :          0.0000000            0.0000000            0.0000000
 Dipole Z            :          0.0000000            0.0000000            0.0000000
 Magnitude           :                                                    0.0000000

 ------------------------------------------------------------------------------------

*** tstop() called on Laptop-von-Elisabeth.local at Fri Oct 25 17:18:06 2024
Module time:
	user time   =       0.12 seconds =       0.00 minutes
	system time =       0.00 seconds =       0.00 minutes
	total time  =          0 seconds =       0.00 minutes
Total time:
	user time   =       0.80 seconds =       0.01 minutes
	system time =       0.01 seconds =       0.00 minutes
	total time  =          0 seconds =       0.00 minutes
